<?xml version="1.0" encoding="UTF-8"?>
<!-- Generated by org.testng.reporters.JUnitReportReporter -->
<testsuite skipped="0" hostname="DESKTOP-NDSD3IG" name="com.qa.testCases.TestCase1" tests="1" failures="0" timestamp="17 Mar 2020 02:50:47 GMT" time="11.468" errors="0">
  <testcase name="test1" time="11.468" classname="com.qa.testCases.TestCase1"/>
</testsuite> <!-- com.qa.testCases.TestCase1 -->
